<?xml version="1.0" encoding="UTF-8"?>
<testsuite xmlns:xsi="http://www.w3.org/2001/XMLSchema-instance" xsi:noNamespaceSchemaLocation="https://maven.apache.org/surefire/maven-surefire-plugin/xsd/surefire-test-report.xsd" name="SocialMagnet.Control.TestRegistration" time="0.031" tests="6" errors="0" skipped="0" failures="0">
  <properties>
[...]
</properties>
  <testcase name="testBadUserID" classname="SocialMagnet.Control.TestRegistration" time="0"/>
  <testcase name="testAddUser" classname="SocialMagnet.Control.TestRegistration" time="0"/>
  <testcase name="testBlankFullName" classname="SocialMagnet.Control.TestRegistration" time="0"/>
  <testcase name="testRepeated" classname="SocialMagnet.Control.TestRegistration" time="0"/>
  <testcase name="testWrongCfmPass" classname="SocialMagnet.Control.TestRegistration" time="0"/>
  <testcase name="testBlankUserID" classname="SocialMagnet.Control.TestRegistration" time="0"/>
</testsuite>